<?xml version="1.0" encoding="UTF-8"?>
<testng-results ignored="0" total="3" passed="3" failed="0" skipped="0">
  <reporter-output>
  </reporter-output>
  <suite started-at="2025-03-14T09:25:35 IST" name="Default suite" finished-at="2025-03-14T09:25:35 IST" duration-ms="77">
    <groups>
    </groups>
    <test started-at="2025-03-14T09:25:35 IST" name="Default test" finished-at="2025-03-14T09:25:35 IST" duration-ms="77">
      <class name="sampleFile.TestNG_Priority">
        <test-method signature="createUser()[pri:1, instance:sampleFile.TestNG_Priority@1ed6388a]" started-at="2025-03-14T09:25:35 IST" name="createUser" finished-at="2025-03-14T09:25:35 IST" duration-ms="11" status="PASS">
          <reporter-output>
          </reporter-output>
        </test-method> <!-- createUser -->
        <test-method signature="modifyUser()[pri:2, instance:sampleFile.TestNG_Priority@1ed6388a]" started-at="2025-03-14T09:25:35 IST" name="modifyUser" finished-at="2025-03-14T09:25:35 IST" duration-ms="3" status="PASS">
          <reporter-output>
          </reporter-output>
        </test-method> <!-- modifyUser -->
        <test-method signature="deleteUser()[pri:3, instance:sampleFile.TestNG_Priority@1ed6388a]" started-at="2025-03-14T09:25:35 IST" name="deleteUser" finished-at="2025-03-14T09:25:35 IST" duration-ms="2" status="PASS">
          <reporter-output>
          </reporter-output>
        </test-method> <!-- deleteUser -->
      </class> <!-- sampleFile.TestNG_Priority -->
    </test> <!-- Default test -->
  </suite> <!-- Default suite -->
</testng-results>
